2020-12-02 15:34:53,441 File are Processing.....
2020-12-02 15:35:11,832 All the files Processed...
2020-12-02 15:35:11,861 Exporting of KMP Active NON OCH file Started!!
2020-12-02 15:35:11,959 Processing of KMP_OCH and Non_OCH data started!!!
2020-12-02 15:35:11,987 Processing of Alt Agrrement and Date1 columns started!!!
2020-12-02 15:35:12,259 Processing of Description,Pricing to 0 columns  started!!!
2020-12-02 15:35:12,594 Reading vista file for matching Customer code with KMP File Started!!
2020-12-02 15:35:12,598 Successfully matched Customer code in InActive AceesDB file
2020-12-02 15:35:12,599 Successfully Processed Alt Agreement and Date1 columns!!!
2020-12-02 15:35:12,649  Successfully Exported KMP Active NON OCH file Started!!
2020-12-02 15:35:12,649 Exporting of KMP Active OCH file Started!!
2020-12-02 15:35:12,715 Processing of KMP_OCH and Non_OCH data started!!!
2020-12-02 15:35:12,723 Processing of Alt Agrrement and Date1 columns started!!!
2020-12-02 15:35:12,891 Processing of Description,Pricing to 0 columns  started!!!
2020-12-02 15:35:13,170 Reading vista file for matching Customer code with KMP File Started!!
2020-12-02 15:35:13,174 Successfully matched Customer code in InActive AceesDB file
2020-12-02 15:35:13,174 Successfully Processed Alt Agreement and Date1 columns!!!
2020-12-02 15:35:13,242 Succesfully Exported KMP Active OCH file Started!!
2020-12-02 15:35:13,242 Exporting of KMP InActive OCH file Started!!
2020-12-02 15:35:13,311 Processing of KMP_OCH and Non_OCH data started!!!
2020-12-02 15:35:13,326 Processing of Alt Agrrement and Date1 columns started!!!
2020-12-02 15:35:13,449 Processing of Description,Pricing to 0 columns  started!!!
2020-12-02 15:35:13,548 Reading vista file for matching Customer code with KMP File Started!!
2020-12-02 15:35:13,549 Successfully matched Customer code in InActive AceesDB file
2020-12-02 15:35:13,549 Successfully Processed Alt Agreement and Date1 columns!!!
